<?xml version="1.0" encoding="UTF-8"?>
<!-- Generated by org.testng.reporters.JUnitReportReporter -->
<testsuite hostname="DESKTOP-UUPIJUK" failures="0" tests="1" name="com.nexsoft.jcb.test.TestModulLogin" time="6.452" errors="0" timestamp="2022-07-12T09:53:04 WIB" skipped="0">
  <testcase classname="com.nexsoft.jcb.test.TestModulLogin" name="tekan_tombol_logout_setelah_berhasil_login" time="6.452"/>
  <system-out/>
</testsuite> <!-- com.nexsoft.jcb.test.TestModulLogin -->
