<?xml version="1.0" encoding="UTF-8"?>
<!-- Generated by org.testng.reporters.JUnitReportReporter -->
<testsuite hostname="LAPTOP-INFITVQT" failures="0" tests="45" name="com.nexsoft.jcb.test.TestModulBucketDistribusi" time="16.110" errors="0" timestamp="2022-07-14T20:28:34 WIB" skipped="44">
  <testcase classname="com.nexsoft.jcb.test.TestModulBucketDistribusi" name="memilih_user_yang_akan_di_assign" time="16.110"/>
  <system-out/>
  <testcase classname="com.nexsoft.jcb.test.TestModulBucketDistribusi" name="filter_Desc_Untuk_Data_Visit">
    <skipped/>
  </testcase> <!-- filter_Desc_Untuk_Data_Visit -->
  <system-out/>
  <testcase classname="com.nexsoft.jcb.test.TestModulBucketDistribusi" name="filter_Desc_Untuk_Total_Data">
    <skipped/>
  </testcase> <!-- filter_Desc_Untuk_Total_Data -->
  <system-out/>
  <testcase classname="com.nexsoft.jcb.test.TestModulBucketDistribusi" name="input_kolom_search_by_name">
    <skipped/>
  </testcase> <!-- input_kolom_search_by_name -->
  <system-out/>
  <testcase classname="com.nexsoft.jcb.test.TestModulBucketDistribusi" name="button_x_di_pilih_user">
    <skipped/>
  </testcase> <!-- button_x_di_pilih_user -->
  <system-out/>
  <testcase classname="com.nexsoft.jcb.test.TestModulBucketDistribusi" name="input_search_saat_expand_by_nik">
    <skipped/>
  </testcase> <!-- input_search_saat_expand_by_nik -->
  <system-out/>
  <testcase classname="com.nexsoft.jcb.test.TestModulBucketDistribusi" name="fungsi_button_assignment">
    <skipped/>
  </testcase> <!-- fungsi_button_assignment -->
  <system-out/>
  <testcase classname="com.nexsoft.jcb.test.TestModulBucketDistribusi" name="input_search_saat_expand_by_total_data">
    <skipped/>
  </testcase> <!-- input_search_saat_expand_by_total_data -->
  <system-out/>
  <testcase classname="com.nexsoft.jcb.test.TestModulBucketDistribusi" name="fungsi_button_1">
    <skipped/>
  </testcase> <!-- fungsi_button_1 -->
  <system-out/>
  <testcase classname="com.nexsoft.jcb.test.TestModulBucketDistribusi" name="filter_Desc_Untuk_NIK">
    <skipped/>
  </testcase> <!-- filter_Desc_Untuk_NIK -->
  <system-out/>
  <testcase classname="com.nexsoft.jcb.test.TestModulBucketDistribusi" name="input_search_saat_expand_by_no">
    <skipped/>
  </testcase> <!-- input_search_saat_expand_by_no -->
  <system-out/>
  <testcase classname="com.nexsoft.jcb.test.TestModulBucketDistribusi" name="input_kolom_search_by_data_visit">
    <skipped/>
  </testcase> <!-- input_kolom_search_by_data_visit -->
  <system-out/>
  <testcase classname="com.nexsoft.jcb.test.TestModulBucketDistribusi" name="fungsi_button_6">
    <skipped/>
  </testcase> <!-- fungsi_button_6 -->
  <system-out/>
  <testcase classname="com.nexsoft.jcb.test.TestModulBucketDistribusi" name="fungsi_button_8">
    <skipped/>
  </testcase> <!-- fungsi_button_8 -->
  <system-out/>
  <testcase classname="com.nexsoft.jcb.test.TestModulBucketDistribusi" name="input_search_saat_expand_by_simbol">
    <skipped/>
  </testcase> <!-- input_search_saat_expand_by_simbol -->
  <system-out/>
  <testcase classname="com.nexsoft.jcb.test.TestModulBucketDistribusi" name="tekan_tombol_collapse_or_expand_distribusi_data">
    <skipped/>
  </testcase> <!-- tekan_tombol_collapse_or_expand_distribusi_data -->
  <system-out/>
  <testcase classname="com.nexsoft.jcb.test.TestModulBucketDistribusi" name="button_x_pilih_user_">
    <skipped/>
  </testcase> <!-- button_x_pilih_user_ -->
  <system-out/>
  <testcase classname="com.nexsoft.jcb.test.TestModulBucketDistribusi" name="fungsi_button_10">
    <skipped/>
  </testcase> <!-- fungsi_button_10 -->
  <system-out/>
  <testcase classname="com.nexsoft.jcb.test.TestModulBucketDistribusi" name="pilih_show_entries_100_di_distribusi_data">
    <skipped/>
  </testcase> <!-- pilih_show_entries_100_di_distribusi_data -->
  <system-out/>
  <testcase classname="com.nexsoft.jcb.test.TestModulBucketDistribusi" name="pilih_show_entries_10_di_distribusi_data">
    <skipped/>
  </testcase> <!-- pilih_show_entries_10_di_distribusi_data -->
  <system-out/>
  <testcase classname="com.nexsoft.jcb.test.TestModulBucketDistribusi" name="fungsi_button_next">
    <skipped/>
  </testcase> <!-- fungsi_button_next -->
  <system-out/>
  <testcase classname="com.nexsoft.jcb.test.TestModulBucketDistribusi" name="memilih_2_data_assign">
    <skipped/>
  </testcase> <!-- memilih_2_data_assign -->
  <system-out/>
  <testcase classname="com.nexsoft.jcb.test.TestModulBucketDistribusi" name="memeriksa_checkbox_2">
    <skipped/>
  </testcase> <!-- memeriksa_checkbox_2 -->
  <system-out/>
  <testcase classname="com.nexsoft.jcb.test.TestModulBucketDistribusi" name="input_kolom_search_tanpa_isi">
    <skipped/>
  </testcase> <!-- input_kolom_search_tanpa_isi -->
  <system-out/>
  <testcase classname="com.nexsoft.jcb.test.TestModulBucketDistribusi" name="input_search_saat_expand_menggunakan_spasi">
    <skipped/>
  </testcase> <!-- input_search_saat_expand_menggunakan_spasi -->
  <system-out/>
  <testcase classname="com.nexsoft.jcb.test.TestModulBucketDistribusi" name="tekan_tombol_collapse_or_expand_pilih_data">
    <skipped/>
  </testcase> <!-- tekan_tombol_collapse_or_expand_pilih_data -->
  <system-out/>
  <testcase classname="com.nexsoft.jcb.test.TestModulBucketDistribusi" name="input_kolom_search_by_total_data">
    <skipped/>
  </testcase> <!-- input_kolom_search_by_total_data -->
  <system-out/>
  <testcase classname="com.nexsoft.jcb.test.TestModulBucketDistribusi" name="fungsi_button_plus_pada_setiap_nomer_1">
    <skipped/>
  </testcase> <!-- fungsi_button_plus_pada_setiap_nomer_1 -->
  <system-out/>
  <testcase classname="com.nexsoft.jcb.test.TestModulBucketDistribusi" name="tekan_tombol_collapse_or_expand_assignment">
    <skipped/>
  </testcase> <!-- tekan_tombol_collapse_or_expand_assignment -->
  <system-out/>
  <testcase classname="com.nexsoft.jcb.test.TestModulBucketDistribusi" name="filter_Asc_Untuk_Data_Visit">
    <skipped/>
  </testcase> <!-- filter_Asc_Untuk_Data_Visit -->
  <system-out/>
  <testcase classname="com.nexsoft.jcb.test.TestModulBucketDistribusi" name="input_kolom_search_by_huruf_random">
    <skipped/>
  </testcase> <!-- input_kolom_search_by_huruf_random -->
  <system-out/>
  <testcase classname="com.nexsoft.jcb.test.TestModulBucketDistribusi" name="fungsi_button_7">
    <skipped/>
  </testcase> <!-- fungsi_button_7 -->
  <system-out/>
  <testcase classname="com.nexsoft.jcb.test.TestModulBucketDistribusi" name="memeriksa_btn_expand_compress_pilih_data">
    <skipped/>
  </testcase> <!-- memeriksa_btn_expand_compress_pilih_data -->
  <system-out/>
  <testcase classname="com.nexsoft.jcb.test.TestModulBucketDistribusi" name="memeriksa_button_pilih_data_detail">
    <skipped/>
  </testcase> <!-- memeriksa_button_pilih_data_detail -->
  <system-out/>
  <testcase classname="com.nexsoft.jcb.test.TestModulBucketDistribusi" name="filter_Asc_Untuk_No">
    <skipped/>
  </testcase> <!-- filter_Asc_Untuk_No -->
  <system-out/>
  <testcase classname="com.nexsoft.jcb.test.TestModulBucketDistribusi" name="fungsi_button_9">
    <skipped/>
  </testcase> <!-- fungsi_button_9 -->
  <system-out/>
  <testcase classname="com.nexsoft.jcb.test.TestModulBucketDistribusi" name="fungsi_button_mata">
    <skipped/>
  </testcase> <!-- fungsi_button_mata -->
  <system-out/>
  <testcase classname="com.nexsoft.jcb.test.TestModulBucketDistribusi" name="fungsi_button_3">
    <skipped/>
  </testcase> <!-- fungsi_button_3 -->
  <system-out/>
  <testcase classname="com.nexsoft.jcb.test.TestModulBucketDistribusi" name="input_kolom_search_by_simbol">
    <skipped/>
  </testcase> <!-- input_kolom_search_by_simbol -->
  <system-out/>
  <testcase classname="com.nexsoft.jcb.test.TestModulBucketDistribusi" name="fungsi_button_5">
    <skipped/>
  </testcase> <!-- fungsi_button_5 -->
  <system-out/>
  <testcase classname="com.nexsoft.jcb.test.TestModulBucketDistribusi" name="memeriksa_checkbox_all">
    <skipped/>
  </testcase> <!-- memeriksa_checkbox_all -->
  <system-out/>
  <testcase classname="com.nexsoft.jcb.test.TestModulBucketDistribusi" name="memeriksa_checkbox_1">
    <skipped/>
  </testcase> <!-- memeriksa_checkbox_1 -->
  <system-out/>
  <testcase classname="com.nexsoft.jcb.test.TestModulBucketDistribusi" name="fungsi_pilih_data">
    <skipped/>
  </testcase> <!-- fungsi_pilih_data -->
  <system-out/>
  <testcase classname="com.nexsoft.jcb.test.TestModulBucketDistribusi" name="input_search_saat_expand_tanpa_isi">
    <skipped/>
  </testcase> <!-- input_search_saat_expand_tanpa_isi -->
  <system-out/>
  <testcase classname="com.nexsoft.jcb.test.TestModulBucketDistribusi" name="filter_Asc_Untuk_Total_Data">
    <skipped/>
  </testcase> <!-- filter_Asc_Untuk_Total_Data -->
  <system-out/>
</testsuite> <!-- com.nexsoft.jcb.test.TestModulBucketDistribusi -->
