<?xml version="1.0" encoding="UTF-8"?>
<!-- Generated by org.testng.reporters.JUnitReportReporter -->
<testsuite hostname="DESKTOP-UUPIJUK" failures="0" tests="1" name="com.nexsoft.jcb.test.TestModulBucketDistribusi" time="0.021" errors="0" timestamp="2022-07-04T08:05:48 WIB" skipped="0">
  <testcase classname="com.nexsoft.jcb.test.TestModulBucketDistribusi" name="f" time="0.021"/>
  <system-out/>
</testsuite> <!-- com.nexsoft.jcb.test.TestModulBucketDistribusi -->
