<?xml version="1.0" encoding="UTF-8"?>
<!-- Generated by org.testng.reporters.JUnitReportReporter -->
<testsuite hostname="LAPTOP-INFITVQT" failures="0" tests="72" name="com.nexsoft.jcb.test.TestModulBucketDistribusi" time="865.943" errors="0" timestamp="2022-07-13T09:54:07 WIB" skipped="0">
  <testcase classname="com.nexsoft.jcb.test.TestModulBucketDistribusi" name="tekan_button_bucket" time="3.308"/>
  <system-out/>
  <testcase classname="com.nexsoft.jcb.test.TestModulBucketDistribusi" name="tekan_bucket_dan_bucket_distribusi" time="8.395"/>
  <system-out/>
  <testcase classname="com.nexsoft.jcb.test.TestModulBucketDistribusi" name="pilih_show_entries_25_di_distribusi_data" time="7.229"/>
  <system-out/>
  <testcase classname="com.nexsoft.jcb.test.TestModulBucketDistribusi" name="pilih_show_entries_10_di_distribusi_data" time="7.833"/>
  <system-out/>
  <testcase classname="com.nexsoft.jcb.test.TestModulBucketDistribusi" name="pilih_show_entries_50_di_distribusi_data" time="9.729"/>
  <system-out/>
  <testcase classname="com.nexsoft.jcb.test.TestModulBucketDistribusi" name="pilih_show_entries_100_di_distribusi_data" time="8.878"/>
  <system-out/>
  <testcase classname="com.nexsoft.jcb.test.TestModulBucketDistribusi" name="filter_Desc_Untuk_No" time="8.245"/>
  <system-out/>
  <testcase classname="com.nexsoft.jcb.test.TestModulBucketDistribusi" name="filter_Asc_Untuk_No" time="12.526"/>
  <system-out/>
  <testcase classname="com.nexsoft.jcb.test.TestModulBucketDistribusi" name="filter_Asc_Untuk_NIK" time="7.895"/>
  <system-out/>
  <testcase classname="com.nexsoft.jcb.test.TestModulBucketDistribusi" name="filter_Desc_Untuk_NIK" time="7.467"/>
  <system-out/>
  <testcase classname="com.nexsoft.jcb.test.TestModulBucketDistribusi" name="filter_Asc_Untuk_Name" time="9.274"/>
  <system-out/>
  <testcase classname="com.nexsoft.jcb.test.TestModulBucketDistribusi" name="filter_Desc_Untuk_Name" time="10.728"/>
  <system-out/>
  <testcase classname="com.nexsoft.jcb.test.TestModulBucketDistribusi" name="filter_Asc_Untuk_Total_Data" time="8.301"/>
  <system-out/>
  <testcase classname="com.nexsoft.jcb.test.TestModulBucketDistribusi" name="filter_Desc_Untuk_Total_Data" time="8.115"/>
  <system-out/>
  <testcase classname="com.nexsoft.jcb.test.TestModulBucketDistribusi" name="filter_Asc_Untuk_Data_Visit" time="8.318"/>
  <system-out/>
  <testcase classname="com.nexsoft.jcb.test.TestModulBucketDistribusi" name="filter_Desc_Untuk_Data_Visit" time="8.359"/>
  <system-out/>
  <testcase classname="com.nexsoft.jcb.test.TestModulBucketDistribusi" name="filter_Asc_Untuk_Data_Unvisit" time="15.686"/>
  <system-out/>
  <testcase classname="com.nexsoft.jcb.test.TestModulBucketDistribusi" name="filter_Desc_Untuk_Data_Unvisit" time="15.241"/>
  <system-out/>
  <testcase classname="com.nexsoft.jcb.test.TestModulBucketDistribusi" name="fungsi_button_next" time="10.012"/>
  <system-out/>
  <testcase classname="com.nexsoft.jcb.test.TestModulBucketDistribusi" name="fungsi_previous" time="10.142"/>
  <system-out/>
  <testcase classname="com.nexsoft.jcb.test.TestModulBucketDistribusi" name="fungsi_button_1" time="7.864"/>
  <system-out/>
  <testcase classname="com.nexsoft.jcb.test.TestModulBucketDistribusi" name="fungsi_button_2" time="10.215"/>
  <system-out/>
  <testcase classname="com.nexsoft.jcb.test.TestModulBucketDistribusi" name="fungsi_button_3" time="8.132"/>
  <system-out/>
  <testcase classname="com.nexsoft.jcb.test.TestModulBucketDistribusi" name="fungsi_button_4" time="12.509"/>
  <system-out/>
  <testcase classname="com.nexsoft.jcb.test.TestModulBucketDistribusi" name="fungsi_button_5" time="8.567"/>
  <system-out/>
  <testcase classname="com.nexsoft.jcb.test.TestModulBucketDistribusi" name="fungsi_button_6" time="8.272"/>
  <system-out/>
  <testcase classname="com.nexsoft.jcb.test.TestModulBucketDistribusi" name="fungsi_button_7" time="9.104"/>
  <system-out/>
  <testcase classname="com.nexsoft.jcb.test.TestModulBucketDistribusi" name="fungsi_button_8" time="10.049"/>
  <system-out/>
  <testcase classname="com.nexsoft.jcb.test.TestModulBucketDistribusi" name="fungsi_button_9" time="8.296"/>
  <system-out/>
  <testcase classname="com.nexsoft.jcb.test.TestModulBucketDistribusi" name="fungsi_button_10" time="8.206"/>
  <system-out/>
  <testcase classname="com.nexsoft.jcb.test.TestModulBucketDistribusi" name="fungsi_button_plus_pada_setiap_nomer_1" time="10.691"/>
  <system-out/>
  <testcase classname="com.nexsoft.jcb.test.TestModulBucketDistribusi" name="fungsi_button_mata" time="12.582"/>
  <system-out/>
  <testcase classname="com.nexsoft.jcb.test.TestModulBucketDistribusi" name="memeriksa_button_pilih_data_detail" time="14.739"/>
  <system-out/>
  <testcase classname="com.nexsoft.jcb.test.TestModulBucketDistribusi" name="memeriksa_checkbox_all" time="14.351"/>
  <system-out/>
  <testcase classname="com.nexsoft.jcb.test.TestModulBucketDistribusi" name="memeriksa_checkbox_1" time="14.027"/>
  <system-out/>
  <testcase classname="com.nexsoft.jcb.test.TestModulBucketDistribusi" name="memeriksa_checkbox_2" time="14.445"/>
  <system-out/>
  <testcase classname="com.nexsoft.jcb.test.TestModulBucketDistribusi" name="memeriksa_button_pilih_user_dan_button_x" time="22.729"/>
  <system-out/>
  <testcase classname="com.nexsoft.jcb.test.TestModulBucketDistribusi" name="memilih_user_yang_dituju" time="16.842"/>
  <system-out/>
  <testcase classname="com.nexsoft.jcb.test.TestModulBucketDistribusi" name="button_x_di_pilih_user" time="17.585"/>
  <system-out/>
  <testcase classname="com.nexsoft.jcb.test.TestModulBucketDistribusi" name="memeriksa_fungsi_button_process" time="21.004"/>
  <system-out/>
  <testcase classname="com.nexsoft.jcb.test.TestModulBucketDistribusi" name="input_kolom_search_by_no" time="7.300"/>
  <system-out/>
  <testcase classname="com.nexsoft.jcb.test.TestModulBucketDistribusi" name="input_kolom_search_by_nik" time="8.557"/>
  <system-out/>
  <testcase classname="com.nexsoft.jcb.test.TestModulBucketDistribusi" name="input_kolom_search_by_name_huruf_kapital" time="8.152"/>
  <system-out/>
  <testcase classname="com.nexsoft.jcb.test.TestModulBucketDistribusi" name="input_kolom_search_by_name" time="7.708"/>
  <system-out/>
  <testcase classname="com.nexsoft.jcb.test.TestModulBucketDistribusi" name="input_kolom_search_by_huruf_random" time="8.483"/>
  <system-out/>
  <testcase classname="com.nexsoft.jcb.test.TestModulBucketDistribusi" name="input_kolom_search_by_simbol" time="8.803"/>
  <system-out/>
  <testcase classname="com.nexsoft.jcb.test.TestModulBucketDistribusi" name="input_kolom_search_by_total_data" time="8.302"/>
  <system-out/>
  <testcase classname="com.nexsoft.jcb.test.TestModulBucketDistribusi" name="input_kolom_search_by_data_visit" time="8.029"/>
  <system-out/>
  <testcase classname="com.nexsoft.jcb.test.TestModulBucketDistribusi" name="input_kolom_search_by_data_unvisit" time="16.765"/>
  <system-out/>
  <testcase classname="com.nexsoft.jcb.test.TestModulBucketDistribusi" name="input_kolom_search_with_spasi" time="8.946"/>
  <system-out/>
  <testcase classname="com.nexsoft.jcb.test.TestModulBucketDistribusi" name="input_kolom_search_tanpa_isi" time="7.605"/>
  <system-out/>
  <testcase classname="com.nexsoft.jcb.test.TestModulBucketDistribusi" name="memeriksa_btn_expand_compress_distribusi_data" time="11.564"/>
  <system-out/>
  <testcase classname="com.nexsoft.jcb.test.TestModulBucketDistribusi" name="input_search_saat_expand_by_no" time="15.347"/>
  <system-out/>
  <testcase classname="com.nexsoft.jcb.test.TestModulBucketDistribusi" name="input_search_saat_expand_by_nik" time="15.343"/>
  <system-out/>
  <testcase classname="com.nexsoft.jcb.test.TestModulBucketDistribusi" name="input_search_saat_expand_by_name" time="15.999"/>
  <system-out/>
  <testcase classname="com.nexsoft.jcb.test.TestModulBucketDistribusi" name="input_search_saat_expand_by_simbol" time="17.102"/>
  <system-out/>
  <testcase classname="com.nexsoft.jcb.test.TestModulBucketDistribusi" name="input_search_saat_expand_by_total_data" time="16.043"/>
  <system-out/>
  <testcase classname="com.nexsoft.jcb.test.TestModulBucketDistribusi" name="input_search_saat_expand_menggunakan_spasi" time="16.714"/>
  <system-out/>
  <testcase classname="com.nexsoft.jcb.test.TestModulBucketDistribusi" name="input_search_saat_expand_tanpa_isi" time="16.669"/>
  <system-out/>
  <testcase classname="com.nexsoft.jcb.test.TestModulBucketDistribusi" name="tekan_tombol_collapse_or_expand_distribusi_data" time="14.002"/>
  <system-out/>
  <testcase classname="com.nexsoft.jcb.test.TestModulBucketDistribusi" name="fungsi_button_assignment" time="9.092"/>
  <system-out/>
  <testcase classname="com.nexsoft.jcb.test.TestModulBucketDistribusi" name="fungsi_pilih_data" time="8.791"/>
  <system-out/>
  <testcase classname="com.nexsoft.jcb.test.TestModulBucketDistribusi" name="memilih_1_data_assign" time="11.385"/>
  <system-out/>
  <testcase classname="com.nexsoft.jcb.test.TestModulBucketDistribusi" name="memilih_2_data_assign" time="12.459"/>
  <system-out/>
  <testcase classname="com.nexsoft.jcb.test.TestModulBucketDistribusi" name="memeriksa_btn_expand_compress_assignment" time="13.274"/>
  <system-out/>
  <testcase classname="com.nexsoft.jcb.test.TestModulBucketDistribusi" name="tekan_tombol_collapse_or_expand_assignment" time="15.011"/>
  <system-out/>
  <testcase classname="com.nexsoft.jcb.test.TestModulBucketDistribusi" name="fungsi_pilih_user" time="31.963"/>
  <system-out/>
  <testcase classname="com.nexsoft.jcb.test.TestModulBucketDistribusi" name="button_x_pilih_user_" time="19.655"/>
  <system-out/>
  <testcase classname="com.nexsoft.jcb.test.TestModulBucketDistribusi" name="memilih_user_yang_akan_di_assign" time="15.269"/>
  <system-out/>
  <testcase classname="com.nexsoft.jcb.test.TestModulBucketDistribusi" name="fungsi_button_process" time="26.704"/>
  <system-out/>
  <testcase classname="com.nexsoft.jcb.test.TestModulBucketDistribusi" name="memeriksa_btn_expand_compress_pilih_data" time="14.002"/>
  <system-out/>
  <testcase classname="com.nexsoft.jcb.test.TestModulBucketDistribusi" name="tekan_tombol_collapse_or_expand_pilih_data" time="15.015"/>
  <system-out/>
</testsuite> <!-- com.nexsoft.jcb.test.TestModulBucketDistribusi -->
