<?xml version="1.0" encoding="UTF-8"?>
<!-- Generated by org.testng.reporters.JUnitReportReporter -->
<testsuite hostname="LAPTOP-INFITVQT" failures="0" tests="1" name="com.nexsoft.jcb.test.TestModulCompleted" time="10.501" errors="0" timestamp="2022-07-12T09:28:49 WIB" skipped="0">
  <testcase classname="com.nexsoft.jcb.test.TestModulCompleted" name="input_kolom_search_by_merchant_name" time="10.501"/>
  <system-out/>
</testsuite> <!-- com.nexsoft.jcb.test.TestModulCompleted -->
