<?xml version="1.0" encoding="UTF-8"?>
<!-- Generated by org.testng.reporters.JUnitReportReporter -->
<testsuite hostname="DESKTOP-UUPIJUK" failures="0" tests="1" name="com.nexsoft.jcb.test.TestModulDataMerchant" time="9.880" errors="0" timestamp="2022-07-07T20:57:39 WIB" skipped="0">
  <testcase classname="com.nexsoft.jcb.test.TestModulDataMerchant" name="tekan_tombol_collapse_or_expand" time="9.880"/>
  <system-out/>
</testsuite> <!-- com.nexsoft.jcb.test.TestModulDataMerchant -->
