<?xml version="1.0" encoding="UTF-8"?>
<!-- Generated by org.testng.reporters.JUnitReportReporter -->
<testsuite hostname="DESKTOP-UUPIJUK" failures="0" tests="1" name="com.nexsoft.jcb.test.TestModulDataMerchant" time="10.655" errors="0" timestamp="2022-07-11T15:10:13 WIB" skipped="0">
  <testcase classname="com.nexsoft.jcb.test.TestModulDataMerchant" name="tekan_process_tanpa_pilih_file" time="10.655"/>
  <system-out/>
</testsuite> <!-- com.nexsoft.jcb.test.TestModulDataMerchant -->
