<?xml version="1.0" encoding="UTF-8"?>
<!-- Generated by org.testng.reporters.JUnitReportReporter -->
<testsuite hostname="DESKTOP-UUPIJUK" failures="1" tests="9" name="com.nexsoft.jcb.test.TestModulDashboard" time="181.107" errors="0" timestamp="2022-07-13T18:49:19 WIB" skipped="0">
  <testcase classname="com.nexsoft.jcb.test.TestModulDashboard" name="tekan_menu_dashboard" time="12.539"/>
  <system-out/>
  <testcase classname="com.nexsoft.jcb.test.TestModulDashboard" name="tekan_tombol_expand_or_compress" time="18.405"/>
  <system-out/>
  <testcase classname="com.nexsoft.jcb.test.TestModulDashboard" name="tekan_tombol_reload" time="36.374">
    <failure message="Data is not updated expected [true] but found [false]" type="java.lang.AssertionError">
      <![CDATA[java.lang.AssertionError: Data is not updated expected [true] but found [false]
at org.testng.Assert.fail(Assert.java:110)
at org.testng.Assert.failNotEquals(Assert.java:1413)
at org.testng.Assert.assertTrue(Assert.java:56)
at com.nexsoft.jcb.test.TestModulDashboard.tekan_tombol_reload(TestModulDashboard.java:155)
at java.base/jdk.internal.reflect.NativeMethodAccessorImpl.invoke0(Native Method)
at java.base/jdk.internal.reflect.NativeMethodAccessorImpl.invoke(NativeMethodAccessorImpl.java:77)
at java.base/jdk.internal.reflect.DelegatingMethodAccessorImpl.invoke(DelegatingMethodAccessorImpl.java:43)
at java.base/java.lang.reflect.Method.invoke(Method.java:568)
at org.testng.internal.invokers.MethodInvocationHelper.invokeMethod(MethodInvocationHelper.java:139)
at org.testng.internal.invokers.TestInvoker.invokeMethod(TestInvoker.java:677)
at org.testng.internal.invokers.TestInvoker.invokeTestMethod(TestInvoker.java:221)
at org.testng.internal.invokers.MethodRunner.runInSequence(MethodRunner.java:50)
at org.testng.internal.invokers.TestInvoker$MethodInvocationAgent.invoke(TestInvoker.java:962)
at org.testng.internal.invokers.TestInvoker.invokeTestMethods(TestInvoker.java:194)
at org.testng.internal.invokers.TestMethodWorker.invokeTestMethods(TestMethodWorker.java:148)
at org.testng.internal.invokers.TestMethodWorker.run(TestMethodWorker.java:128)
at java.base/java.util.ArrayList.forEach(ArrayList.java:1511)
at org.testng.TestRunner.privateRun(TestRunner.java:806)
at org.testng.TestRunner.run(TestRunner.java:601)
at org.testng.SuiteRunner.runTest(SuiteRunner.java:433)
at org.testng.SuiteRunner.runSequentially(SuiteRunner.java:427)
at org.testng.SuiteRunner.privateRun(SuiteRunner.java:387)
at org.testng.SuiteRunner.run(SuiteRunner.java:330)
at org.testng.SuiteRunnerWorker.runSuite(SuiteRunnerWorker.java:52)
at org.testng.SuiteRunnerWorker.run(SuiteRunnerWorker.java:95)
at org.testng.TestNG.runSuitesSequentially(TestNG.java:1256)
at org.testng.TestNG.runSuitesLocally(TestNG.java:1176)
at org.testng.TestNG.runSuites(TestNG.java:1099)
at org.testng.TestNG.run(TestNG.java:1067)
at org.testng.remote.AbstractRemoteTestNG.run(AbstractRemoteTestNG.java:115)
at org.testng.remote.RemoteTestNG.initAndRun(RemoteTestNG.java:251)
at org.testng.remote.RemoteTestNG.main(RemoteTestNG.java:77)
]]>
    </failure>
  </testcase> <!-- tekan_tombol_reload -->
  <system-out>
    <![CDATA[<img src='file://C:\Antoni\selenium\TestNG\screenshoot\Error_20220713_184723.PNG'height="350" width="792"/>]]>
  </system-out>
  <testcase classname="com.nexsoft.jcb.test.TestModulDashboard" name="tekan_tombol_collapse_or_expand" time="17.211"/>
  <system-out/>
  <testcase classname="com.nexsoft.jcb.test.TestModulDashboard" name="tekan_tombol_detail" time="13.881"/>
  <system-out/>
  <testcase classname="com.nexsoft.jcb.test.TestModulDashboard" name="cek_seluruh_jumlah_total_price_sudah_benar_atau_belum" time="20.760"/>
  <system-out/>
  <testcase classname="com.nexsoft.jcb.test.TestModulDashboard" name="cek_seluruh_jumlah_monthly_price_sudah_benar_atau_belum" time="20.221"/>
  <system-out/>
  <testcase classname="com.nexsoft.jcb.test.TestModulDashboard" name="cek_seluruh_jumlah_total_unvisit_sudah_benar_atau_belum" time="21.349"/>
  <system-out/>
  <testcase classname="com.nexsoft.jcb.test.TestModulDashboard" name="cek_seluruh_jumlah_total_visit_sudah_benar_atau_belum" time="20.367"/>
  <system-out/>
</testsuite> <!-- com.nexsoft.jcb.test.TestModulDashboard -->
