<?xml version="1.0" encoding="UTF-8"?>
<!-- Generated by org.testng.reporters.JUnitReportReporter -->
<testsuite hostname="DESKTOP-UUPIJUK" failures="0" tests="1" name="com.nexsoft.jcb.test.TestModulMaster" time="9.260" errors="0" timestamp="2022-07-07T23:09:32 WIB" skipped="0">
  <testcase classname="com.nexsoft.jcb.test.TestModulMaster" name="tekan_tombol_delete_pada_baris_user_ketika_kotak_view_data_user_di_expand" time="9.260"/>
  <system-out/>
</testsuite> <!-- com.nexsoft.jcb.test.TestModulMaster -->
