<?xml version="1.0" encoding="UTF-8"?>
<!-- Generated by org.testng.reporters.JUnitReportReporter -->
<testsuite hostname="DESKTOP-UUPIJUK" failures="0" tests="1" name="com.nexsoft.jcb.test.TestModulMaster" time="4.410" errors="0" timestamp="2022-07-05T14:24:11 WIB" skipped="0">
  <testcase classname="com.nexsoft.jcb.test.TestModulMaster" name="tekan_tombol_delete_pada_baris_user" time="4.410"/>
  <system-out/>
</testsuite> <!-- com.nexsoft.jcb.test.TestModulMaster -->
