<?xml version="1.0" encoding="UTF-8"?>
<!-- Generated by org.testng.reporters.JUnitReportReporter -->
<testsuite hostname="DESKTOP-UUPIJUK" failures="0" tests="1" name="com.nexsoft.jcb.test.TestModulMaster" time="12.369" errors="0" timestamp="2022-07-09T16:09:35 WIB" skipped="0">
  <testcase classname="com.nexsoft.jcb.test.TestModulMaster" name="tekan_tombol_navigasi_previous_halaman_di_area" time="12.369"/>
  <system-out/>
</testsuite> <!-- com.nexsoft.jcb.test.TestModulMaster -->
