<?xml version="1.0" encoding="UTF-8"?>
<!-- Generated by org.testng.reporters.JUnitReportReporter -->
<testsuite hostname="DESKTOP-UUPIJUK" failures="0" tests="1" name="com.nexsoft.jcb.test.TestModulMaster" time="6.088" errors="0" timestamp="2022-07-07T20:26:23 WIB" skipped="0">
  <testcase classname="com.nexsoft.jcb.test.TestModulMaster" name="tekan_tombol_collapse_or_expand_di_user" time="6.088"/>
  <system-out/>
</testsuite> <!-- com.nexsoft.jcb.test.TestModulMaster -->
