<?xml version="1.0" encoding="UTF-8"?>
<!-- Generated by org.testng.reporters.JUnitReportReporter -->
<testsuite hostname="DESKTOP-UUPIJUK" failures="0" tests="1" name="com.nexsoft.jcb.test.TestModulDashboard" time="12.509" errors="0" timestamp="2022-07-05T09:25:45 WIB" skipped="0">
  <testcase classname="com.nexsoft.jcb.test.TestModulDashboard" name="tekan_tombol_detail" time="12.509"/>
  <system-out/>
</testsuite> <!-- com.nexsoft.jcb.test.TestModulDashboard -->
