<?xml version="1.0" encoding="UTF-8"?>
<!-- Generated by org.testng.reporters.JUnitReportReporter -->
<testsuite hostname="DESKTOP-UUPIJUK" failures="0" tests="1" name="com.nexsoft.jcb.test.TestModulMaster" time="5.240" errors="0" timestamp="2022-07-12T09:10:47 WIB" skipped="0">
  <testcase classname="com.nexsoft.jcb.test.TestModulMaster" name="testing" time="5.240"/>
  <system-out/>
</testsuite> <!-- com.nexsoft.jcb.test.TestModulMaster -->
