<?xml version="1.0" encoding="UTF-8"?>
<!-- Generated by org.testng.reporters.JUnitReportReporter -->
<testsuite hostname="LAPTOP-INFITVQT" failures="0" tests="21" name="com.nexsoft.jcb.test.TestModulMonitoring" time="20.070" errors="0" timestamp="2022-07-14T22:00:41 WIB" skipped="20">
  <testcase classname="com.nexsoft.jcb.test.TestModulMonitoring" name="input_kolom_search_by_detail_dari_bintaro" time="20.070"/>
  <system-out/>
  <testcase classname="com.nexsoft.jcb.test.TestModulMonitoring" name="search_saat_expand_by_price">
    <skipped/>
  </testcase> <!-- search_saat_expand_by_price -->
  <system-out/>
  <testcase classname="com.nexsoft.jcb.test.TestModulMonitoring" name="input_kolom_search_by_potongan_kata_4_huruf">
    <skipped/>
  </testcase> <!-- input_kolom_search_by_potongan_kata_4_huruf -->
  <system-out/>
  <testcase classname="com.nexsoft.jcb.test.TestModulMonitoring" name="input_kolom_search_by_detail_dari_jakarta2">
    <skipped/>
  </testcase> <!-- input_kolom_search_by_detail_dari_jakarta2 -->
  <system-out/>
  <testcase classname="com.nexsoft.jcb.test.TestModulMonitoring" name="input_kolom_search_by_detail_dari_yogyakarta">
    <skipped/>
  </testcase> <!-- input_kolom_search_by_detail_dari_yogyakarta -->
  <system-out/>
  <testcase classname="com.nexsoft.jcb.test.TestModulMonitoring" name="input_kolom_search_by_detail_dari_jakarta3">
    <skipped/>
  </testcase> <!-- input_kolom_search_by_detail_dari_jakarta3 -->
  <system-out/>
  <testcase classname="com.nexsoft.jcb.test.TestModulMonitoring" name="search_saat_expand_menggunakan_spasi">
    <skipped/>
  </testcase> <!-- search_saat_expand_menggunakan_spasi -->
  <system-out/>
  <testcase classname="com.nexsoft.jcb.test.TestModulMonitoring" name="search_saat_expand_by_potongan_kata_3_huruf">
    <skipped/>
  </testcase> <!-- search_saat_expand_by_potongan_kata_3_huruf -->
  <system-out/>
  <testcase classname="com.nexsoft.jcb.test.TestModulMonitoring" name="validasi_menekan_btn_scroll">
    <skipped/>
  </testcase> <!-- validasi_menekan_btn_scroll -->
  <system-out/>
  <testcase classname="com.nexsoft.jcb.test.TestModulMonitoring" name="search_saat_expand_by_TotalData">
    <skipped/>
  </testcase> <!-- search_saat_expand_by_TotalData -->
  <system-out/>
  <testcase classname="com.nexsoft.jcb.test.TestModulMonitoring" name="search_saat_expand_by_total_visit">
    <skipped/>
  </testcase> <!-- search_saat_expand_by_total_visit -->
  <system-out/>
  <testcase classname="com.nexsoft.jcb.test.TestModulMonitoring" name="search_saat_expand_by_potongan_kata_5_huruf_dengan_spasi">
    <skipped/>
  </testcase> <!-- search_saat_expand_by_potongan_kata_5_huruf_dengan_spasi -->
  <system-out/>
  <testcase classname="com.nexsoft.jcb.test.TestModulMonitoring" name="tekan_btn_plus">
    <skipped/>
  </testcase> <!-- tekan_btn_plus -->
  <system-out/>
  <testcase classname="com.nexsoft.jcb.test.TestModulMonitoring" name="search_saat_expand_tanpa_isi">
    <skipped/>
  </testcase> <!-- search_saat_expand_tanpa_isi -->
  <system-out/>
  <testcase classname="com.nexsoft.jcb.test.TestModulMonitoring" name="tekan_btn_plus_di_3_kota">
    <skipped/>
  </testcase> <!-- tekan_btn_plus_di_3_kota -->
  <system-out/>
  <testcase classname="com.nexsoft.jcb.test.TestModulMonitoring" name="search_saat_expand_by_potongan_kata_5_huruf">
    <skipped/>
  </testcase> <!-- search_saat_expand_by_potongan_kata_5_huruf -->
  <system-out/>
  <testcase classname="com.nexsoft.jcb.test.TestModulMonitoring" name="input_kolom_search_by_TotalVisit2">
    <skipped/>
  </testcase> <!-- input_kolom_search_by_TotalVisit2 -->
  <system-out/>
  <testcase classname="com.nexsoft.jcb.test.TestModulMonitoring" name="input_kolom_search_by_potongan_kata_5_huruf">
    <skipped/>
  </testcase> <!-- input_kolom_search_by_potongan_kata_5_huruf -->
  <system-out/>
  <testcase classname="com.nexsoft.jcb.test.TestModulMonitoring" name="search_saat_expand_by_simbol">
    <skipped/>
  </testcase> <!-- search_saat_expand_by_simbol -->
  <system-out/>
  <testcase classname="com.nexsoft.jcb.test.TestModulMonitoring" name="input_kolom_search_by_TotalData">
    <skipped/>
  </testcase> <!-- input_kolom_search_by_TotalData -->
  <system-out/>
  <testcase classname="com.nexsoft.jcb.test.TestModulMonitoring" name="search_saat_expand_by_potongan_kata_4_huruf">
    <skipped/>
  </testcase> <!-- search_saat_expand_by_potongan_kata_4_huruf -->
  <system-out/>
</testsuite> <!-- com.nexsoft.jcb.test.TestModulMonitoring -->
