<?xml version="1.0" encoding="UTF-8"?>
<!-- Generated by org.testng.reporters.JUnitReportReporter -->
<testsuite hostname="DESKTOP-UUPIJUK" failures="1" tests="12" name="com.nexsoft.jcb.test.TestModulLogin" time="90.430" errors="0" timestamp="2022-07-13T08:53:44 WIB" skipped="0">
  <testcase classname="com.nexsoft.jcb.test.TestModulLogin" name="input_username_tanpa_password_dan_tekan_login" time="4.623"/>
  <system-out/>
  <testcase classname="com.nexsoft.jcb.test.TestModulLogin" name="input_password_tanpa_username_dan_tekan_login" time="4.504"/>
  <system-out/>
  <testcase classname="com.nexsoft.jcb.test.TestModulLogin" name="input_username_invalid_dan_password_valid_dan_tekan_login" time="6.882"/>
  <system-out/>
  <testcase classname="com.nexsoft.jcb.test.TestModulLogin" name="input_username_valid_dan_password_invalid_dan_tekan_login" time="6.848"/>
  <system-out/>
  <testcase classname="com.nexsoft.jcb.test.TestModulLogin" name="input_username_panjang_dan_tekan_login" time="7.373"/>
  <system-out/>
  <testcase classname="com.nexsoft.jcb.test.TestModulLogin" name="input_password_panjang_dan_tekan_login" time="7.022"/>
  <system-out/>
  <testcase classname="com.nexsoft.jcb.test.TestModulLogin" name="input_username_valid_dengan_huruf_besar_kecil_dan_tekan_login" time="12.868">
    <failure message="Login is success, it was suppose to be fail since the username is invalid" type="java.lang.AssertionError">
      <![CDATA[java.lang.AssertionError: Login is success, it was suppose to be fail since the username is invalid
at org.testng.Assert.fail(Assert.java:110)
at com.nexsoft.jcb.test.TestModulLogin.input_username_valid_dengan_huruf_besar_kecil_dan_tekan_login(TestModulLogin.java:154)
at java.base/jdk.internal.reflect.NativeMethodAccessorImpl.invoke0(Native Method)
at java.base/jdk.internal.reflect.NativeMethodAccessorImpl.invoke(NativeMethodAccessorImpl.java:77)
at java.base/jdk.internal.reflect.DelegatingMethodAccessorImpl.invoke(DelegatingMethodAccessorImpl.java:43)
at java.base/java.lang.reflect.Method.invoke(Method.java:568)
at org.testng.internal.invokers.MethodInvocationHelper.invokeMethod(MethodInvocationHelper.java:139)
at org.testng.internal.invokers.TestInvoker.invokeMethod(TestInvoker.java:677)
at org.testng.internal.invokers.TestInvoker.invokeTestMethod(TestInvoker.java:221)
at org.testng.internal.invokers.MethodRunner.runInSequence(MethodRunner.java:50)
at org.testng.internal.invokers.TestInvoker$MethodInvocationAgent.invoke(TestInvoker.java:962)
at org.testng.internal.invokers.TestInvoker.invokeTestMethods(TestInvoker.java:194)
at org.testng.internal.invokers.TestMethodWorker.invokeTestMethods(TestMethodWorker.java:148)
at org.testng.internal.invokers.TestMethodWorker.run(TestMethodWorker.java:128)
at java.base/java.util.ArrayList.forEach(ArrayList.java:1511)
at org.testng.TestRunner.privateRun(TestRunner.java:806)
at org.testng.TestRunner.run(TestRunner.java:601)
at org.testng.SuiteRunner.runTest(SuiteRunner.java:433)
at org.testng.SuiteRunner.runSequentially(SuiteRunner.java:427)
at org.testng.SuiteRunner.privateRun(SuiteRunner.java:387)
at org.testng.SuiteRunner.run(SuiteRunner.java:330)
at org.testng.SuiteRunnerWorker.runSuite(SuiteRunnerWorker.java:52)
at org.testng.SuiteRunnerWorker.run(SuiteRunnerWorker.java:95)
at org.testng.TestNG.runSuitesSequentially(TestNG.java:1256)
at org.testng.TestNG.runSuitesLocally(TestNG.java:1176)
at org.testng.TestNG.runSuites(TestNG.java:1099)
at org.testng.TestNG.run(TestNG.java:1067)
at org.testng.remote.AbstractRemoteTestNG.run(AbstractRemoteTestNG.java:115)
at org.testng.remote.RemoteTestNG.initAndRun(RemoteTestNG.java:251)
at org.testng.remote.RemoteTestNG.main(RemoteTestNG.java:77)
]]>
    </failure>
  </testcase> <!-- input_username_valid_dengan_huruf_besar_kecil_dan_tekan_login -->
  <system-out>
    <![CDATA[<img src='file://C:\Antoni\selenium\TestNG\screenshoot\Error_20220713_085301.PNG'height="350" width="792"/>]]>
  </system-out>
  <testcase classname="com.nexsoft.jcb.test.TestModulLogin" name="input_password_valid_dengan_huruf_besar_kecil_dan_tekan_login" time="6.748"/>
  <system-out/>
  <testcase classname="com.nexsoft.jcb.test.TestModulLogin" name="username_dan_password_kosong" time="4.319"/>
  <system-out/>
  <testcase classname="com.nexsoft.jcb.test.TestModulLogin" name="input_username_dan_password_valid_sebagai_admin" time="10.752"/>
  <system-out/>
  <testcase classname="com.nexsoft.jcb.test.TestModulLogin" name="input_username_dan_password_valid_sebagai_surveyor" time="10.554"/>
  <system-out/>
  <testcase classname="com.nexsoft.jcb.test.TestModulLogin" name="tekan_tombol_logout_setelah_berhasil_login" time="7.937"/>
  <system-out/>
</testsuite> <!-- com.nexsoft.jcb.test.TestModulLogin -->
