<?xml version="1.0" encoding="UTF-8"?>
<!-- Generated by org.testng.reporters.JUnitReportReporter -->
<testsuite hostname="LAPTOP-INFITVQT" failures="0" tests="1" name="com.nexsoft.jcb.test.TestModulBucketValidasi" time="80.695" errors="0" timestamp="2022-07-14T21:55:00 WIB" skipped="0">
  <testcase classname="com.nexsoft.jcb.test.TestModulBucketValidasi" name="return_detail_validasi_tanpa_isi_notes" time="80.695"/>
  <system-out/>
</testsuite> <!-- com.nexsoft.jcb.test.TestModulBucketValidasi -->
