<?xml version="1.0" encoding="UTF-8"?>
<!-- Generated by org.testng.reporters.JUnitReportReporter -->
<testsuite hostname="DESKTOP-UUPIJUK" failures="0" tests="1" name="com.nexsoft.jcb.test.TestModulDataMerchant" time="2.114" errors="0" timestamp="2022-07-06T14:37:28 WIB" skipped="0">
  <testcase classname="com.nexsoft.jcb.test.TestModulDataMerchant" name="input_search_merchant_name_by_address_dan_tekan_search" time="2.114"/>
  <system-out/>
</testsuite> <!-- com.nexsoft.jcb.test.TestModulDataMerchant -->
